ERROR - 2024-11-17 02:08:04 --> Error connecting to the database: mysqli_sql_exception: No connection could be made because the target machine actively refused it in C:\laragon\www\CI4\praktikum\ci4app\system\Database\MySQLi\Connection.php:186
Stack trace:
#0 C:\laragon\www\CI4\praktikum\ci4app\system\Database\MySQLi\Connection.php(186): mysqli->real_connect('localhost', 'root', Object(SensitiveParameterValue), 'cobaci4', 3306, '', 0)
#1 C:\laragon\www\CI4\praktikum\ci4app\system\Database\BaseConnection.php(421): CodeIgniter\Database\MySQLi\Connection->connect(false)
#2 C:\laragon\www\CI4\praktikum\ci4app\system\Database\BaseConnection.php(616): CodeIgniter\Database\BaseConnection->initialize()
#3 C:\laragon\www\CI4\praktikum\ci4app\system\Database\BaseConnection.php(1485): CodeIgniter\Database\BaseConnection->query('SHOW TABLES FRO...')
#4 C:\laragon\www\CI4\praktikum\ci4app\system\Database\BaseConnection.php(1505): CodeIgniter\Database\BaseConnection->listTables()
#5 C:\laragon\www\CI4\praktikum\ci4app\system\Database\MigrationRunner.php(759): CodeIgniter\Database\BaseConnection->tableExists('migrations')
#6 C:\laragon\www\CI4\praktikum\ci4app\system\Database\MigrationRunner.php(232): CodeIgniter\Database\MigrationRunner->ensureTable()
#7 C:\laragon\www\CI4\praktikum\ci4app\system\Commands\Database\MigrateRollback.php(101): CodeIgniter\Database\MigrationRunner->regress(0)
#8 C:\laragon\www\CI4\praktikum\ci4app\system\CLI\Commands.php(70): CodeIgniter\Commands\Database\MigrateRollback->run(Array)
#9 C:\laragon\www\CI4\praktikum\ci4app\system\CLI\BaseCommand.php(119): CodeIgniter\CLI\Commands->run('migrate:rollbac...', Array)
#10 C:\laragon\www\CI4\praktikum\ci4app\system\Commands\Database\MigrateRefresh.php(86): CodeIgniter\CLI\BaseCommand->call('migrate:rollbac...', Array)
#11 C:\laragon\www\CI4\praktikum\ci4app\system\CLI\Commands.php(70): CodeIgniter\Commands\Database\MigrateRefresh->run(Array)
#12 C:\laragon\www\CI4\praktikum\ci4app\system\CLI\Console.php(48): CodeIgniter\CLI\Commands->run('migrate:refresh', Array)
#13 C:\laragon\www\CI4\praktikum\ci4app\system\Boot.php(351): CodeIgniter\CLI\Console->run()
#14 C:\laragon\www\CI4\praktikum\ci4app\system\Boot.php(104): CodeIgniter\Boot::runCommand(Object(CodeIgniter\CLI\Console))
#15 C:\laragon\www\CI4\praktikum\ci4app\spark(84): CodeIgniter\Boot::bootSpark(Object(Config\Paths))
#16 {main}

Next CodeIgniter\Database\Exceptions\DatabaseException: No connection could be made because the target machine actively refused it in C:\laragon\www\CI4\praktikum\ci4app\system\Database\MySQLi\Connection.php:231
Stack trace:
#0 C:\laragon\www\CI4\praktikum\ci4app\system\Database\BaseConnection.php(421): CodeIgniter\Database\MySQLi\Connection->connect(false)
#1 C:\laragon\www\CI4\praktikum\ci4app\system\Database\BaseConnection.php(616): CodeIgniter\Database\BaseConnection->initialize()
#2 C:\laragon\www\CI4\praktikum\ci4app\system\Database\BaseConnection.php(1485): CodeIgniter\Database\BaseConnection->query('SHOW TABLES FRO...')
#3 C:\laragon\www\CI4\praktikum\ci4app\system\Database\BaseConnection.php(1505): CodeIgniter\Database\BaseConnection->listTables()
#4 C:\laragon\www\CI4\praktikum\ci4app\system\Database\MigrationRunner.php(759): CodeIgniter\Database\BaseConnection->tableExists('migrations')
#5 C:\laragon\www\CI4\praktikum\ci4app\system\Database\MigrationRunner.php(232): CodeIgniter\Database\MigrationRunner->ensureTable()
#6 C:\laragon\www\CI4\praktikum\ci4app\system\Commands\Database\MigrateRollback.php(101): CodeIgniter\Database\MigrationRunner->regress(0)
#7 C:\laragon\www\CI4\praktikum\ci4app\system\CLI\Commands.php(70): CodeIgniter\Commands\Database\MigrateRollback->run(Array)
#8 C:\laragon\www\CI4\praktikum\ci4app\system\CLI\BaseCommand.php(119): CodeIgniter\CLI\Commands->run('migrate:rollbac...', Array)
#9 C:\laragon\www\CI4\praktikum\ci4app\system\Commands\Database\MigrateRefresh.php(86): CodeIgniter\CLI\BaseCommand->call('migrate:rollbac...', Array)
#10 C:\laragon\www\CI4\praktikum\ci4app\system\CLI\Commands.php(70): CodeIgniter\Commands\Database\MigrateRefresh->run(Array)
#11 C:\laragon\www\CI4\praktikum\ci4app\system\CLI\Console.php(48): CodeIgniter\CLI\Commands->run('migrate:refresh', Array)
#12 C:\laragon\www\CI4\praktikum\ci4app\system\Boot.php(351): CodeIgniter\CLI\Console->run()
#13 C:\laragon\www\CI4\praktikum\ci4app\system\Boot.php(104): CodeIgniter\Boot::runCommand(Object(CodeIgniter\CLI\Console))
#14 C:\laragon\www\CI4\praktikum\ci4app\spark(84): CodeIgniter\Boot::bootSpark(Object(Config\Paths))
#15 {main}
ERROR - 2024-11-17 02:08:08 --> Error connecting to the database: mysqli_sql_exception: No connection could be made because the target machine actively refused it in C:\laragon\www\CI4\praktikum\ci4app\system\Database\MySQLi\Connection.php:186
Stack trace:
#0 C:\laragon\www\CI4\praktikum\ci4app\system\Database\MySQLi\Connection.php(186): mysqli->real_connect('localhost', 'root', Object(SensitiveParameterValue), 'cobaci4', 3306, '', 0)
#1 C:\laragon\www\CI4\praktikum\ci4app\system\Database\BaseConnection.php(421): CodeIgniter\Database\MySQLi\Connection->connect(false)
#2 C:\laragon\www\CI4\praktikum\ci4app\system\Database\BaseConnection.php(616): CodeIgniter\Database\BaseConnection->initialize()
#3 C:\laragon\www\CI4\praktikum\ci4app\system\Database\BaseConnection.php(1485): CodeIgniter\Database\BaseConnection->query('SHOW TABLES FRO...')
#4 C:\laragon\www\CI4\praktikum\ci4app\system\Database\BaseConnection.php(1505): CodeIgniter\Database\BaseConnection->listTables()
#5 C:\laragon\www\CI4\praktikum\ci4app\system\Database\MigrationRunner.php(759): CodeIgniter\Database\BaseConnection->tableExists('migrations')
#6 C:\laragon\www\CI4\praktikum\ci4app\system\Database\MigrationRunner.php(163): CodeIgniter\Database\MigrationRunner->ensureTable()
#7 C:\laragon\www\CI4\praktikum\ci4app\system\Commands\Database\Migrate.php(85): CodeIgniter\Database\MigrationRunner->latest(NULL)
#8 C:\laragon\www\CI4\praktikum\ci4app\system\CLI\Commands.php(70): CodeIgniter\Commands\Database\Migrate->run(Array)
#9 C:\laragon\www\CI4\praktikum\ci4app\system\CLI\BaseCommand.php(119): CodeIgniter\CLI\Commands->run('migrate', Array)
#10 C:\laragon\www\CI4\praktikum\ci4app\system\Commands\Database\MigrateRefresh.php(87): CodeIgniter\CLI\BaseCommand->call('migrate', Array)
#11 C:\laragon\www\CI4\praktikum\ci4app\system\CLI\Commands.php(70): CodeIgniter\Commands\Database\MigrateRefresh->run(Array)
#12 C:\laragon\www\CI4\praktikum\ci4app\system\CLI\Console.php(48): CodeIgniter\CLI\Commands->run('migrate:refresh', Array)
#13 C:\laragon\www\CI4\praktikum\ci4app\system\Boot.php(351): CodeIgniter\CLI\Console->run()
#14 C:\laragon\www\CI4\praktikum\ci4app\system\Boot.php(104): CodeIgniter\Boot::runCommand(Object(CodeIgniter\CLI\Console))
#15 C:\laragon\www\CI4\praktikum\ci4app\spark(84): CodeIgniter\Boot::bootSpark(Object(Config\Paths))
#16 {main}

Next CodeIgniter\Database\Exceptions\DatabaseException: No connection could be made because the target machine actively refused it in C:\laragon\www\CI4\praktikum\ci4app\system\Database\MySQLi\Connection.php:231
Stack trace:
#0 C:\laragon\www\CI4\praktikum\ci4app\system\Database\BaseConnection.php(421): CodeIgniter\Database\MySQLi\Connection->connect(false)
#1 C:\laragon\www\CI4\praktikum\ci4app\system\Database\BaseConnection.php(616): CodeIgniter\Database\BaseConnection->initialize()
#2 C:\laragon\www\CI4\praktikum\ci4app\system\Database\BaseConnection.php(1485): CodeIgniter\Database\BaseConnection->query('SHOW TABLES FRO...')
#3 C:\laragon\www\CI4\praktikum\ci4app\system\Database\BaseConnection.php(1505): CodeIgniter\Database\BaseConnection->listTables()
#4 C:\laragon\www\CI4\praktikum\ci4app\system\Database\MigrationRunner.php(759): CodeIgniter\Database\BaseConnection->tableExists('migrations')
#5 C:\laragon\www\CI4\praktikum\ci4app\system\Database\MigrationRunner.php(163): CodeIgniter\Database\MigrationRunner->ensureTable()
#6 C:\laragon\www\CI4\praktikum\ci4app\system\Commands\Database\Migrate.php(85): CodeIgniter\Database\MigrationRunner->latest(NULL)
#7 C:\laragon\www\CI4\praktikum\ci4app\system\CLI\Commands.php(70): CodeIgniter\Commands\Database\Migrate->run(Array)
#8 C:\laragon\www\CI4\praktikum\ci4app\system\CLI\BaseCommand.php(119): CodeIgniter\CLI\Commands->run('migrate', Array)
#9 C:\laragon\www\CI4\praktikum\ci4app\system\Commands\Database\MigrateRefresh.php(87): CodeIgniter\CLI\BaseCommand->call('migrate', Array)
#10 C:\laragon\www\CI4\praktikum\ci4app\system\CLI\Commands.php(70): CodeIgniter\Commands\Database\MigrateRefresh->run(Array)
#11 C:\laragon\www\CI4\praktikum\ci4app\system\CLI\Console.php(48): CodeIgniter\CLI\Commands->run('migrate:refresh', Array)
#12 C:\laragon\www\CI4\praktikum\ci4app\system\Boot.php(351): CodeIgniter\CLI\Console->run()
#13 C:\laragon\www\CI4\praktikum\ci4app\system\Boot.php(104): CodeIgniter\Boot::runCommand(Object(CodeIgniter\CLI\Console))
#14 C:\laragon\www\CI4\praktikum\ci4app\spark(84): CodeIgniter\Boot::bootSpark(Object(Config\Paths))
#15 {main}
ERROR - 2024-11-17 02:24:31 --> Error connecting to the database: mysqli_sql_exception: No connection could be made because the target machine actively refused it in C:\laragon\www\CI4\praktikum\ci4app\system\Database\MySQLi\Connection.php:186
Stack trace:
#0 C:\laragon\www\CI4\praktikum\ci4app\system\Database\MySQLi\Connection.php(186): mysqli->real_connect('localhost', 'root', Object(SensitiveParameterValue), 'cobaci4', 3306, '', 0)
#1 C:\laragon\www\CI4\praktikum\ci4app\system\Database\BaseConnection.php(421): CodeIgniter\Database\MySQLi\Connection->connect(false)
#2 C:\laragon\www\CI4\praktikum\ci4app\system\Database\BaseConnection.php(616): CodeIgniter\Database\BaseConnection->initialize()
#3 C:\laragon\www\CI4\praktikum\ci4app\system\Database\BaseBuilder.php(1644): CodeIgniter\Database\BaseConnection->query('SELECT *\nFROM `...', Array, false)
#4 C:\laragon\www\CI4\praktikum\ci4app\system\Model.php(210): CodeIgniter\Database\BaseBuilder->get()
#5 C:\laragon\www\CI4\praktikum\ci4app\system\BaseModel.php(610): CodeIgniter\Model->doFind(true, '1')
#6 C:\laragon\www\CI4\praktikum\ci4app\app\Controllers\MahasiswaController.php(104): CodeIgniter\BaseModel->find('1')
#7 C:\laragon\www\CI4\praktikum\ci4app\system\CodeIgniter.php(933): App\Controllers\MahasiswaController->edit('1')
#8 C:\laragon\www\CI4\praktikum\ci4app\system\CodeIgniter.php(509): CodeIgniter\CodeIgniter->runController(Object(App\Controllers\MahasiswaController))
#9 C:\laragon\www\CI4\praktikum\ci4app\system\CodeIgniter.php(355): CodeIgniter\CodeIgniter->handleRequest(NULL, Object(Config\Cache), false)
#10 C:\laragon\www\CI4\praktikum\ci4app\system\Boot.php(325): CodeIgniter\CodeIgniter->run()
#11 C:\laragon\www\CI4\praktikum\ci4app\system\Boot.php(67): CodeIgniter\Boot::runCodeIgniter(Object(CodeIgniter\CodeIgniter))
#12 C:\laragon\www\CI4\praktikum\ci4app\public\index.php(56): CodeIgniter\Boot::bootWeb(Object(Config\Paths))
#13 C:\laragon\www\CI4\praktikum\ci4app\system\rewrite.php(44): require_once('C:\\laragon\\www\\...')
#14 {main}

Next CodeIgniter\Database\Exceptions\DatabaseException: No connection could be made because the target machine actively refused it in C:\laragon\www\CI4\praktikum\ci4app\system\Database\MySQLi\Connection.php:231
Stack trace:
#0 C:\laragon\www\CI4\praktikum\ci4app\system\Database\BaseConnection.php(421): CodeIgniter\Database\MySQLi\Connection->connect(false)
#1 C:\laragon\www\CI4\praktikum\ci4app\system\Database\BaseConnection.php(616): CodeIgniter\Database\BaseConnection->initialize()
#2 C:\laragon\www\CI4\praktikum\ci4app\system\Database\BaseBuilder.php(1644): CodeIgniter\Database\BaseConnection->query('SELECT *\nFROM `...', Array, false)
#3 C:\laragon\www\CI4\praktikum\ci4app\system\Model.php(210): CodeIgniter\Database\BaseBuilder->get()
#4 C:\laragon\www\CI4\praktikum\ci4app\system\BaseModel.php(610): CodeIgniter\Model->doFind(true, '1')
#5 C:\laragon\www\CI4\praktikum\ci4app\app\Controllers\MahasiswaController.php(104): CodeIgniter\BaseModel->find('1')
#6 C:\laragon\www\CI4\praktikum\ci4app\system\CodeIgniter.php(933): App\Controllers\MahasiswaController->edit('1')
#7 C:\laragon\www\CI4\praktikum\ci4app\system\CodeIgniter.php(509): CodeIgniter\CodeIgniter->runController(Object(App\Controllers\MahasiswaController))
#8 C:\laragon\www\CI4\praktikum\ci4app\system\CodeIgniter.php(355): CodeIgniter\CodeIgniter->handleRequest(NULL, Object(Config\Cache), false)
#9 C:\laragon\www\CI4\praktikum\ci4app\system\Boot.php(325): CodeIgniter\CodeIgniter->run()
#10 C:\laragon\www\CI4\praktikum\ci4app\system\Boot.php(67): CodeIgniter\Boot::runCodeIgniter(Object(CodeIgniter\CodeIgniter))
#11 C:\laragon\www\CI4\praktikum\ci4app\public\index.php(56): CodeIgniter\Boot::bootWeb(Object(Config\Paths))
#12 C:\laragon\www\CI4\praktikum\ci4app\system\rewrite.php(44): require_once('C:\\laragon\\www\\...')
#13 {main}
CRITICAL - 2024-11-17 02:24:31 --> CodeIgniter\Database\Exceptions\DatabaseException: Unable to connect to the database.
Main connection [MySQLi]: No connection could be made because the target machine actively refused it
[Method: GET, Route: mahasiswa/1/edit]
in SYSTEMPATH\Database\BaseConnection.php on line 467.
 1 SYSTEMPATH\Database\BaseConnection.php(616): CodeIgniter\Database\BaseConnection->initialize()
 2 SYSTEMPATH\Database\BaseBuilder.php(1644): CodeIgniter\Database\BaseConnection->query('SELECT *
FROM `mahasiswa`
WHERE `mahasiswa`.`id` = :mahasiswa.id:', [...], false)
 3 SYSTEMPATH\Model.php(210): CodeIgniter\Database\BaseBuilder->get()
 4 SYSTEMPATH\BaseModel.php(610): CodeIgniter\Model->doFind(true, '1')
 5 APPPATH\Controllers\MahasiswaController.php(104): CodeIgniter\BaseModel->find('1')
 6 SYSTEMPATH\CodeIgniter.php(933): App\Controllers\MahasiswaController->edit('1')
 7 SYSTEMPATH\CodeIgniter.php(509): CodeIgniter\CodeIgniter->runController(Object(App\Controllers\MahasiswaController))
 8 SYSTEMPATH\CodeIgniter.php(355): CodeIgniter\CodeIgniter->handleRequest(null, Object(Config\Cache), false)
 9 SYSTEMPATH\Boot.php(325): CodeIgniter\CodeIgniter->run()
10 SYSTEMPATH\Boot.php(67): CodeIgniter\Boot::runCodeIgniter(Object(CodeIgniter\CodeIgniter))
11 FCPATH\index.php(56): CodeIgniter\Boot::bootWeb(Object(Config\Paths))
12 SYSTEMPATH\rewrite.php(44): require_once('C:\\laragon\\www\\CI4\\praktikum\\ci4app\\public\\index.php')
ERROR - 2024-11-17 02:24:44 --> Error connecting to the database: mysqli_sql_exception: No connection could be made because the target machine actively refused it in C:\laragon\www\CI4\praktikum\ci4app\system\Database\MySQLi\Connection.php:186
Stack trace:
#0 C:\laragon\www\CI4\praktikum\ci4app\system\Database\MySQLi\Connection.php(186): mysqli->real_connect('localhost', 'root', Object(SensitiveParameterValue), 'cobaci4', 3306, '', 0)
#1 C:\laragon\www\CI4\praktikum\ci4app\system\Database\BaseConnection.php(421): CodeIgniter\Database\MySQLi\Connection->connect(false)
#2 C:\laragon\www\CI4\praktikum\ci4app\system\Database\BaseConnection.php(616): CodeIgniter\Database\BaseConnection->initialize()
#3 C:\laragon\www\CI4\praktikum\ci4app\system\Database\BaseBuilder.php(1644): CodeIgniter\Database\BaseConnection->query('SELECT `mahasis...', Array, false)
#4 C:\laragon\www\CI4\praktikum\ci4app\system\Model.php(286): CodeIgniter\Database\BaseBuilder->get()
#5 C:\laragon\www\CI4\praktikum\ci4app\system\BaseModel.php(676): CodeIgniter\Model->doFindAll(0, 0)
#6 C:\laragon\www\CI4\praktikum\ci4app\app\Models\Mahasiswa.php(56): CodeIgniter\BaseModel->findAll()
#7 C:\laragon\www\CI4\praktikum\ci4app\app\Controllers\MahasiswaController.php(18): App\Models\Mahasiswa->getAllMahasiswa()
#8 C:\laragon\www\CI4\praktikum\ci4app\system\CodeIgniter.php(933): App\Controllers\MahasiswaController->index()
#9 C:\laragon\www\CI4\praktikum\ci4app\system\CodeIgniter.php(509): CodeIgniter\CodeIgniter->runController(Object(App\Controllers\MahasiswaController))
#10 C:\laragon\www\CI4\praktikum\ci4app\system\CodeIgniter.php(355): CodeIgniter\CodeIgniter->handleRequest(NULL, Object(Config\Cache), false)
#11 C:\laragon\www\CI4\praktikum\ci4app\system\Boot.php(325): CodeIgniter\CodeIgniter->run()
#12 C:\laragon\www\CI4\praktikum\ci4app\system\Boot.php(67): CodeIgniter\Boot::runCodeIgniter(Object(CodeIgniter\CodeIgniter))
#13 C:\laragon\www\CI4\praktikum\ci4app\public\index.php(56): CodeIgniter\Boot::bootWeb(Object(Config\Paths))
#14 C:\laragon\www\CI4\praktikum\ci4app\system\rewrite.php(44): require_once('C:\\laragon\\www\\...')
#15 {main}

Next CodeIgniter\Database\Exceptions\DatabaseException: No connection could be made because the target machine actively refused it in C:\laragon\www\CI4\praktikum\ci4app\system\Database\MySQLi\Connection.php:231
Stack trace:
#0 C:\laragon\www\CI4\praktikum\ci4app\system\Database\BaseConnection.php(421): CodeIgniter\Database\MySQLi\Connection->connect(false)
#1 C:\laragon\www\CI4\praktikum\ci4app\system\Database\BaseConnection.php(616): CodeIgniter\Database\BaseConnection->initialize()
#2 C:\laragon\www\CI4\praktikum\ci4app\system\Database\BaseBuilder.php(1644): CodeIgniter\Database\BaseConnection->query('SELECT `mahasis...', Array, false)
#3 C:\laragon\www\CI4\praktikum\ci4app\system\Model.php(286): CodeIgniter\Database\BaseBuilder->get()
#4 C:\laragon\www\CI4\praktikum\ci4app\system\BaseModel.php(676): CodeIgniter\Model->doFindAll(0, 0)
#5 C:\laragon\www\CI4\praktikum\ci4app\app\Models\Mahasiswa.php(56): CodeIgniter\BaseModel->findAll()
#6 C:\laragon\www\CI4\praktikum\ci4app\app\Controllers\MahasiswaController.php(18): App\Models\Mahasiswa->getAllMahasiswa()
#7 C:\laragon\www\CI4\praktikum\ci4app\system\CodeIgniter.php(933): App\Controllers\MahasiswaController->index()
#8 C:\laragon\www\CI4\praktikum\ci4app\system\CodeIgniter.php(509): CodeIgniter\CodeIgniter->runController(Object(App\Controllers\MahasiswaController))
#9 C:\laragon\www\CI4\praktikum\ci4app\system\CodeIgniter.php(355): CodeIgniter\CodeIgniter->handleRequest(NULL, Object(Config\Cache), false)
#10 C:\laragon\www\CI4\praktikum\ci4app\system\Boot.php(325): CodeIgniter\CodeIgniter->run()
#11 C:\laragon\www\CI4\praktikum\ci4app\system\Boot.php(67): CodeIgniter\Boot::runCodeIgniter(Object(CodeIgniter\CodeIgniter))
#12 C:\laragon\www\CI4\praktikum\ci4app\public\index.php(56): CodeIgniter\Boot::bootWeb(Object(Config\Paths))
#13 C:\laragon\www\CI4\praktikum\ci4app\system\rewrite.php(44): require_once('C:\\laragon\\www\\...')
#14 {main}
CRITICAL - 2024-11-17 02:24:44 --> CodeIgniter\Database\Exceptions\DatabaseException: Unable to connect to the database.
Main connection [MySQLi]: No connection could be made because the target machine actively refused it
[Method: GET, Route: mahasiswa]
in SYSTEMPATH\Database\BaseConnection.php on line 467.
 1 SYSTEMPATH\Database\BaseConnection.php(616): CodeIgniter\Database\BaseConnection->initialize()
 2 SYSTEMPATH\Database\BaseBuilder.php(1644): CodeIgniter\Database\BaseConnection->query('SELECT `mahasiswa`.*, `jurusan`.`nama_jurusan`
FROM `mahasiswa`
JOIN `jurusan` ON `jurusan`.`id` = `mahasiswa`.`jurusan_id`', [], false)
 3 SYSTEMPATH\Model.php(286): CodeIgniter\Database\BaseBuilder->get()
 4 SYSTEMPATH\BaseModel.php(676): CodeIgniter\Model->doFindAll(0, 0)
 5 APPPATH\Models\Mahasiswa.php(56): CodeIgniter\BaseModel->findAll()
 6 APPPATH\Controllers\MahasiswaController.php(18): App\Models\Mahasiswa->getAllMahasiswa()
 7 SYSTEMPATH\CodeIgniter.php(933): App\Controllers\MahasiswaController->index()
 8 SYSTEMPATH\CodeIgniter.php(509): CodeIgniter\CodeIgniter->runController(Object(App\Controllers\MahasiswaController))
 9 SYSTEMPATH\CodeIgniter.php(355): CodeIgniter\CodeIgniter->handleRequest(null, Object(Config\Cache), false)
10 SYSTEMPATH\Boot.php(325): CodeIgniter\CodeIgniter->run()
11 SYSTEMPATH\Boot.php(67): CodeIgniter\Boot::runCodeIgniter(Object(CodeIgniter\CodeIgniter))
12 FCPATH\index.php(56): CodeIgniter\Boot::bootWeb(Object(Config\Paths))
13 SYSTEMPATH\rewrite.php(44): require_once('C:\\laragon\\www\\CI4\\praktikum\\ci4app\\public\\index.php')
INFO - 2024-11-17 02:25:15 --> Session: Class initialized using 'CodeIgniter\Session\Handlers\FileHandler' driver.
INFO - 2024-11-17 02:25:25 --> Session: Class initialized using 'CodeIgniter\Session\Handlers\FileHandler' driver.
INFO - 2024-11-17 02:27:18 --> Session: Class initialized using 'CodeIgniter\Session\Handlers\FileHandler' driver.
INFO - 2024-11-17 02:28:24 --> Session: Class initialized using 'CodeIgniter\Session\Handlers\FileHandler' driver.
INFO - 2024-11-17 02:28:34 --> Session: Class initialized using 'CodeIgniter\Session\Handlers\FileHandler' driver.
INFO - 2024-11-17 02:30:14 --> Session: Class initialized using 'CodeIgniter\Session\Handlers\FileHandler' driver.
INFO - 2024-11-17 02:30:24 --> Session: Class initialized using 'CodeIgniter\Session\Handlers\FileHandler' driver.
INFO - 2024-11-17 02:30:47 --> Session: Class initialized using 'CodeIgniter\Session\Handlers\FileHandler' driver.
INFO - 2024-11-17 02:30:51 --> Session: Class initialized using 'CodeIgniter\Session\Handlers\FileHandler' driver.
INFO - 2024-11-17 02:32:40 --> Session: Class initialized using 'CodeIgniter\Session\Handlers\FileHandler' driver.
INFO - 2024-11-17 02:32:42 --> Session: Class initialized using 'CodeIgniter\Session\Handlers\FileHandler' driver.
INFO - 2024-11-17 02:34:18 --> Session: Class initialized using 'CodeIgniter\Session\Handlers\FileHandler' driver.
INFO - 2024-11-17 02:34:20 --> Session: Class initialized using 'CodeIgniter\Session\Handlers\FileHandler' driver.
INFO - 2024-11-17 02:37:21 --> Session: Class initialized using 'CodeIgniter\Session\Handlers\FileHandler' driver.
INFO - 2024-11-17 02:37:22 --> Session: Class initialized using 'CodeIgniter\Session\Handlers\FileHandler' driver.
INFO - 2024-11-17 02:37:47 --> Session: Class initialized using 'CodeIgniter\Session\Handlers\FileHandler' driver.
INFO - 2024-11-17 02:37:48 --> Session: Class initialized using 'CodeIgniter\Session\Handlers\FileHandler' driver.
INFO - 2024-11-17 02:38:34 --> Session: Class initialized using 'CodeIgniter\Session\Handlers\FileHandler' driver.
INFO - 2024-11-17 02:38:45 --> Session: Class initialized using 'CodeIgniter\Session\Handlers\FileHandler' driver.
INFO - 2024-11-17 02:38:46 --> Session: Class initialized using 'CodeIgniter\Session\Handlers\FileHandler' driver.
INFO - 2024-11-17 03:14:28 --> Session: Class initialized using 'CodeIgniter\Session\Handlers\FileHandler' driver.
INFO - 2024-11-17 03:15:02 --> Session: Class initialized using 'CodeIgniter\Session\Handlers\FileHandler' driver.
INFO - 2024-11-17 03:15:09 --> Session: Class initialized using 'CodeIgniter\Session\Handlers\FileHandler' driver.
INFO - 2024-11-17 03:15:09 --> Session: Class initialized using 'CodeIgniter\Session\Handlers\FileHandler' driver.
INFO - 2024-11-17 03:15:18 --> Session: Class initialized using 'CodeIgniter\Session\Handlers\FileHandler' driver.
INFO - 2024-11-17 03:15:54 --> Session: Class initialized using 'CodeIgniter\Session\Handlers\FileHandler' driver.
CRITICAL - 2024-11-17 03:15:54 --> Exception: Serialization of 'CodeIgniter\HTTP\Files\UploadedFile' is not allowed
[Method: POST, Route: mahasiswa/tambah]
in [no active file] on line 0.
 1 [internal function]: session_write_close()
INFO - 2024-11-17 03:16:08 --> Session: Class initialized using 'CodeIgniter\Session\Handlers\FileHandler' driver.
INFO - 2024-11-17 03:16:35 --> Session: Class initialized using 'CodeIgniter\Session\Handlers\FileHandler' driver.
INFO - 2024-11-17 03:17:13 --> Session: Class initialized using 'CodeIgniter\Session\Handlers\FileHandler' driver.
INFO - 2024-11-17 03:17:13 --> Session: Class initialized using 'CodeIgniter\Session\Handlers\FileHandler' driver.
INFO - 2024-11-17 03:17:26 --> Session: Class initialized using 'CodeIgniter\Session\Handlers\FileHandler' driver.
INFO - 2024-11-17 03:18:51 --> Session: Class initialized using 'CodeIgniter\Session\Handlers\FileHandler' driver.
INFO - 2024-11-17 03:22:44 --> Session: Class initialized using 'CodeIgniter\Session\Handlers\FileHandler' driver.
INFO - 2024-11-17 03:24:16 --> Session: Class initialized using 'CodeIgniter\Session\Handlers\FileHandler' driver.
INFO - 2024-11-17 03:25:10 --> Session: Class initialized using 'CodeIgniter\Session\Handlers\FileHandler' driver.
INFO - 2024-11-17 03:25:26 --> Session: Class initialized using 'CodeIgniter\Session\Handlers\FileHandler' driver.
INFO - 2024-11-17 03:28:00 --> Session: Class initialized using 'CodeIgniter\Session\Handlers\FileHandler' driver.
INFO - 2024-11-17 03:33:07 --> Session: Class initialized using 'CodeIgniter\Session\Handlers\FileHandler' driver.
INFO - 2024-11-17 03:33:09 --> Session: Class initialized using 'CodeIgniter\Session\Handlers\FileHandler' driver.
INFO - 2024-11-17 03:33:18 --> Session: Class initialized using 'CodeIgniter\Session\Handlers\FileHandler' driver.
INFO - 2024-11-17 03:33:56 --> Session: Class initialized using 'CodeIgniter\Session\Handlers\FileHandler' driver.
INFO - 2024-11-17 03:36:56 --> Session: Class initialized using 'CodeIgniter\Session\Handlers\FileHandler' driver.
INFO - 2024-11-17 03:36:59 --> Session: Class initialized using 'CodeIgniter\Session\Handlers\FileHandler' driver.
INFO - 2024-11-17 03:37:39 --> Session: Class initialized using 'CodeIgniter\Session\Handlers\FileHandler' driver.
INFO - 2024-11-17 03:37:39 --> Session: Class initialized using 'CodeIgniter\Session\Handlers\FileHandler' driver.
INFO - 2024-11-17 03:43:12 --> Session: Class initialized using 'CodeIgniter\Session\Handlers\FileHandler' driver.
INFO - 2024-11-17 03:43:14 --> Session: Class initialized using 'CodeIgniter\Session\Handlers\FileHandler' driver.
INFO - 2024-11-17 03:43:57 --> Session: Class initialized using 'CodeIgniter\Session\Handlers\FileHandler' driver.
INFO - 2024-11-17 03:43:58 --> Session: Class initialized using 'CodeIgniter\Session\Handlers\FileHandler' driver.
INFO - 2024-11-17 03:45:38 --> Session: Class initialized using 'CodeIgniter\Session\Handlers\FileHandler' driver.
INFO - 2024-11-17 03:45:41 --> Session: Class initialized using 'CodeIgniter\Session\Handlers\FileHandler' driver.
INFO - 2024-11-17 03:46:31 --> Session: Class initialized using 'CodeIgniter\Session\Handlers\FileHandler' driver.
INFO - 2024-11-17 03:46:32 --> Session: Class initialized using 'CodeIgniter\Session\Handlers\FileHandler' driver.
INFO - 2024-11-17 03:47:49 --> Session: Class initialized using 'CodeIgniter\Session\Handlers\FileHandler' driver.
INFO - 2024-11-17 03:47:52 --> Session: Class initialized using 'CodeIgniter\Session\Handlers\FileHandler' driver.
INFO - 2024-11-17 03:48:19 --> Session: Class initialized using 'CodeIgniter\Session\Handlers\FileHandler' driver.
INFO - 2024-11-17 03:48:20 --> Session: Class initialized using 'CodeIgniter\Session\Handlers\FileHandler' driver.
INFO - 2024-11-17 03:48:53 --> Session: Class initialized using 'CodeIgniter\Session\Handlers\FileHandler' driver.
INFO - 2024-11-17 03:48:59 --> Session: Class initialized using 'CodeIgniter\Session\Handlers\FileHandler' driver.
INFO - 2024-11-17 04:00:12 --> Session: Class initialized using 'CodeIgniter\Session\Handlers\FileHandler' driver.
INFO - 2024-11-17 04:01:36 --> Session: Class initialized using 'CodeIgniter\Session\Handlers\FileHandler' driver.
INFO - 2024-11-17 04:03:28 --> Session: Class initialized using 'CodeIgniter\Session\Handlers\FileHandler' driver.
INFO - 2024-11-17 04:03:37 --> Session: Class initialized using 'CodeIgniter\Session\Handlers\FileHandler' driver.
INFO - 2024-11-17 04:08:26 --> Session: Class initialized using 'CodeIgniter\Session\Handlers\FileHandler' driver.
INFO - 2024-11-17 04:08:27 --> Session: Class initialized using 'CodeIgniter\Session\Handlers\FileHandler' driver.
INFO - 2024-11-17 04:08:31 --> Session: Class initialized using 'CodeIgniter\Session\Handlers\FileHandler' driver.
INFO - 2024-11-17 04:09:20 --> Session: Class initialized using 'CodeIgniter\Session\Handlers\FileHandler' driver.
INFO - 2024-11-17 04:09:21 --> Session: Class initialized using 'CodeIgniter\Session\Handlers\FileHandler' driver.
INFO - 2024-11-17 04:09:25 --> Session: Class initialized using 'CodeIgniter\Session\Handlers\FileHandler' driver.
INFO - 2024-11-17 04:09:40 --> Session: Class initialized using 'CodeIgniter\Session\Handlers\FileHandler' driver.
INFO - 2024-11-17 04:09:42 --> Session: Class initialized using 'CodeIgniter\Session\Handlers\FileHandler' driver.
INFO - 2024-11-17 04:09:46 --> Session: Class initialized using 'CodeIgniter\Session\Handlers\FileHandler' driver.
INFO - 2024-11-17 04:10:56 --> Session: Class initialized using 'CodeIgniter\Session\Handlers\FileHandler' driver.
INFO - 2024-11-17 04:11:14 --> Session: Class initialized using 'CodeIgniter\Session\Handlers\FileHandler' driver.
INFO - 2024-11-17 04:12:00 --> Session: Class initialized using 'CodeIgniter\Session\Handlers\FileHandler' driver.
INFO - 2024-11-17 04:12:01 --> Session: Class initialized using 'CodeIgniter\Session\Handlers\FileHandler' driver.
INFO - 2024-11-17 04:12:05 --> Session: Class initialized using 'CodeIgniter\Session\Handlers\FileHandler' driver.
INFO - 2024-11-17 04:12:59 --> Session: Class initialized using 'CodeIgniter\Session\Handlers\FileHandler' driver.
INFO - 2024-11-17 04:13:21 --> Session: Class initialized using 'CodeIgniter\Session\Handlers\FileHandler' driver.
INFO - 2024-11-17 04:19:57 --> Session: Class initialized using 'CodeIgniter\Session\Handlers\FileHandler' driver.
INFO - 2024-11-17 04:19:59 --> Session: Class initialized using 'CodeIgniter\Session\Handlers\FileHandler' driver.
INFO - 2024-11-17 04:20:09 --> Session: Class initialized using 'CodeIgniter\Session\Handlers\FileHandler' driver.
INFO - 2024-11-17 04:20:10 --> Session: Class initialized using 'CodeIgniter\Session\Handlers\FileHandler' driver.
INFO - 2024-11-17 04:21:22 --> Session: Class initialized using 'CodeIgniter\Session\Handlers\FileHandler' driver.
INFO - 2024-11-17 04:21:30 --> Session: Class initialized using 'CodeIgniter\Session\Handlers\FileHandler' driver.
INFO - 2024-11-17 04:21:38 --> Session: Class initialized using 'CodeIgniter\Session\Handlers\FileHandler' driver.
INFO - 2024-11-17 04:21:46 --> Session: Class initialized using 'CodeIgniter\Session\Handlers\FileHandler' driver.
INFO - 2024-11-17 04:22:31 --> Session: Class initialized using 'CodeIgniter\Session\Handlers\FileHandler' driver.
INFO - 2024-11-17 04:22:32 --> Session: Class initialized using 'CodeIgniter\Session\Handlers\FileHandler' driver.
INFO - 2024-11-17 04:22:37 --> Session: Class initialized using 'CodeIgniter\Session\Handlers\FileHandler' driver.
INFO - 2024-11-17 04:22:49 --> Session: Class initialized using 'CodeIgniter\Session\Handlers\FileHandler' driver.
INFO - 2024-11-17 04:22:53 --> Session: Class initialized using 'CodeIgniter\Session\Handlers\FileHandler' driver.
INFO - 2024-11-17 04:23:53 --> Session: Class initialized using 'CodeIgniter\Session\Handlers\FileHandler' driver.
INFO - 2024-11-17 04:23:57 --> Session: Class initialized using 'CodeIgniter\Session\Handlers\FileHandler' driver.
INFO - 2024-11-17 04:24:05 --> Session: Class initialized using 'CodeIgniter\Session\Handlers\FileHandler' driver.
INFO - 2024-11-17 04:36:35 --> Session: Class initialized using 'CodeIgniter\Session\Handlers\FileHandler' driver.
INFO - 2024-11-17 04:36:37 --> Session: Class initialized using 'CodeIgniter\Session\Handlers\FileHandler' driver.
INFO - 2024-11-17 04:36:40 --> Session: Class initialized using 'CodeIgniter\Session\Handlers\FileHandler' driver.
INFO - 2024-11-17 04:36:47 --> Session: Class initialized using 'CodeIgniter\Session\Handlers\FileHandler' driver.
INFO - 2024-11-17 04:37:10 --> Session: Class initialized using 'CodeIgniter\Session\Handlers\FileHandler' driver.
INFO - 2024-11-17 04:37:36 --> Session: Class initialized using 'CodeIgniter\Session\Handlers\FileHandler' driver.
INFO - 2024-11-17 04:37:45 --> Session: Class initialized using 'CodeIgniter\Session\Handlers\FileHandler' driver.
INFO - 2024-11-17 04:38:20 --> Session: Class initialized using 'CodeIgniter\Session\Handlers\FileHandler' driver.
INFO - 2024-11-17 04:38:21 --> Session: Class initialized using 'CodeIgniter\Session\Handlers\FileHandler' driver.
INFO - 2024-11-17 04:38:25 --> Session: Class initialized using 'CodeIgniter\Session\Handlers\FileHandler' driver.
INFO - 2024-11-17 04:38:34 --> Session: Class initialized using 'CodeIgniter\Session\Handlers\FileHandler' driver.
INFO - 2024-11-17 04:38:55 --> Session: Class initialized using 'CodeIgniter\Session\Handlers\FileHandler' driver.
INFO - 2024-11-17 04:39:15 --> Session: Class initialized using 'CodeIgniter\Session\Handlers\FileHandler' driver.
INFO - 2024-11-17 04:39:21 --> Session: Class initialized using 'CodeIgniter\Session\Handlers\FileHandler' driver.
INFO - 2024-11-17 04:39:30 --> Session: Class initialized using 'CodeIgniter\Session\Handlers\FileHandler' driver.
INFO - 2024-11-17 04:42:14 --> Session: Class initialized using 'CodeIgniter\Session\Handlers\FileHandler' driver.
INFO - 2024-11-17 04:42:15 --> Session: Class initialized using 'CodeIgniter\Session\Handlers\FileHandler' driver.
INFO - 2024-11-17 04:43:37 --> Session: Class initialized using 'CodeIgniter\Session\Handlers\FileHandler' driver.
INFO - 2024-11-17 04:43:38 --> Session: Class initialized using 'CodeIgniter\Session\Handlers\FileHandler' driver.
INFO - 2024-11-17 04:43:44 --> Session: Class initialized using 'CodeIgniter\Session\Handlers\FileHandler' driver.
INFO - 2024-11-17 04:43:55 --> Session: Class initialized using 'CodeIgniter\Session\Handlers\FileHandler' driver.
INFO - 2024-11-17 04:49:43 --> Session: Class initialized using 'CodeIgniter\Session\Handlers\FileHandler' driver.
INFO - 2024-11-17 04:49:44 --> Session: Class initialized using 'CodeIgniter\Session\Handlers\FileHandler' driver.
INFO - 2024-11-17 04:49:45 --> Session: Class initialized using 'CodeIgniter\Session\Handlers\FileHandler' driver.
INFO - 2024-11-17 04:49:49 --> Session: Class initialized using 'CodeIgniter\Session\Handlers\FileHandler' driver.
INFO - 2024-11-17 04:51:50 --> Session: Class initialized using 'CodeIgniter\Session\Handlers\FileHandler' driver.
INFO - 2024-11-17 04:51:51 --> Session: Class initialized using 'CodeIgniter\Session\Handlers\FileHandler' driver.
INFO - 2024-11-17 04:51:59 --> Session: Class initialized using 'CodeIgniter\Session\Handlers\FileHandler' driver.
INFO - 2024-11-17 04:54:29 --> Session: Class initialized using 'CodeIgniter\Session\Handlers\FileHandler' driver.
INFO - 2024-11-17 04:54:30 --> Session: Class initialized using 'CodeIgniter\Session\Handlers\FileHandler' driver.
INFO - 2024-11-17 04:54:34 --> Session: Class initialized using 'CodeIgniter\Session\Handlers\FileHandler' driver.
INFO - 2024-11-17 04:56:16 --> Session: Class initialized using 'CodeIgniter\Session\Handlers\FileHandler' driver.
INFO - 2024-11-17 04:56:18 --> Session: Class initialized using 'CodeIgniter\Session\Handlers\FileHandler' driver.
INFO - 2024-11-17 04:56:20 --> Session: Class initialized using 'CodeIgniter\Session\Handlers\FileHandler' driver.
INFO - 2024-11-17 04:56:56 --> Session: Class initialized using 'CodeIgniter\Session\Handlers\FileHandler' driver.
INFO - 2024-11-17 04:56:59 --> Session: Class initialized using 'CodeIgniter\Session\Handlers\FileHandler' driver.
INFO - 2024-11-17 04:57:30 --> Session: Class initialized using 'CodeIgniter\Session\Handlers\FileHandler' driver.
INFO - 2024-11-17 04:57:30 --> Session: Class initialized using 'CodeIgniter\Session\Handlers\FileHandler' driver.
INFO - 2024-11-17 06:35:48 --> Session: Class initialized using 'CodeIgniter\Session\Handlers\FileHandler' driver.
INFO - 2024-11-17 06:37:26 --> Session: Class initialized using 'CodeIgniter\Session\Handlers\FileHandler' driver.
INFO - 2024-11-17 06:37:29 --> Session: Class initialized using 'CodeIgniter\Session\Handlers\FileHandler' driver.
INFO - 2024-11-17 06:37:53 --> Session: Class initialized using 'CodeIgniter\Session\Handlers\FileHandler' driver.
INFO - 2024-11-17 06:37:56 --> Session: Class initialized using 'CodeIgniter\Session\Handlers\FileHandler' driver.
INFO - 2024-11-17 06:37:59 --> Session: Class initialized using 'CodeIgniter\Session\Handlers\FileHandler' driver.
INFO - 2024-11-17 06:38:39 --> Session: Class initialized using 'CodeIgniter\Session\Handlers\FileHandler' driver.
INFO - 2024-11-17 06:38:39 --> Session: Class initialized using 'CodeIgniter\Session\Handlers\FileHandler' driver.
INFO - 2024-11-17 06:38:49 --> Session: Class initialized using 'CodeIgniter\Session\Handlers\FileHandler' driver.
INFO - 2024-11-17 06:39:35 --> Session: Class initialized using 'CodeIgniter\Session\Handlers\FileHandler' driver.
INFO - 2024-11-17 06:39:35 --> Session: Class initialized using 'CodeIgniter\Session\Handlers\FileHandler' driver.
INFO - 2024-11-17 06:39:44 --> Session: Class initialized using 'CodeIgniter\Session\Handlers\FileHandler' driver.
INFO - 2024-11-17 06:40:25 --> Session: Class initialized using 'CodeIgniter\Session\Handlers\FileHandler' driver.
INFO - 2024-11-17 06:40:25 --> Session: Class initialized using 'CodeIgniter\Session\Handlers\FileHandler' driver.
INFO - 2024-11-17 08:00:01 --> Session: Class initialized using 'CodeIgniter\Session\Handlers\FileHandler' driver.
INFO - 2024-11-17 08:00:08 --> Session: Class initialized using 'CodeIgniter\Session\Handlers\FileHandler' driver.
INFO - 2024-11-17 08:03:26 --> Session: Class initialized using 'CodeIgniter\Session\Handlers\FileHandler' driver.
INFO - 2024-11-17 08:03:31 --> Session: Class initialized using 'CodeIgniter\Session\Handlers\FileHandler' driver.
INFO - 2024-11-17 09:18:25 --> Session: Class initialized using 'CodeIgniter\Session\Handlers\FileHandler' driver.
INFO - 2024-11-17 09:21:28 --> Session: Class initialized using 'CodeIgniter\Session\Handlers\FileHandler' driver.
INFO - 2024-11-17 09:22:22 --> Session: Class initialized using 'CodeIgniter\Session\Handlers\FileHandler' driver.
INFO - 2024-11-17 09:23:33 --> Session: Class initialized using 'CodeIgniter\Session\Handlers\FileHandler' driver.
INFO - 2024-11-17 09:24:08 --> Session: Class initialized using 'CodeIgniter\Session\Handlers\FileHandler' driver.
INFO - 2024-11-17 09:25:08 --> Session: Class initialized using 'CodeIgniter\Session\Handlers\FileHandler' driver.
INFO - 2024-11-17 09:25:50 --> Session: Class initialized using 'CodeIgniter\Session\Handlers\FileHandler' driver.
INFO - 2024-11-17 09:26:03 --> Session: Class initialized using 'CodeIgniter\Session\Handlers\FileHandler' driver.
INFO - 2024-11-17 09:26:39 --> Session: Class initialized using 'CodeIgniter\Session\Handlers\FileHandler' driver.
INFO - 2024-11-17 09:27:04 --> Session: Class initialized using 'CodeIgniter\Session\Handlers\FileHandler' driver.
INFO - 2024-11-17 09:27:14 --> Session: Class initialized using 'CodeIgniter\Session\Handlers\FileHandler' driver.
INFO - 2024-11-17 09:27:58 --> Session: Class initialized using 'CodeIgniter\Session\Handlers\FileHandler' driver.
INFO - 2024-11-17 09:28:13 --> Session: Class initialized using 'CodeIgniter\Session\Handlers\FileHandler' driver.
INFO - 2024-11-17 09:28:54 --> Session: Class initialized using 'CodeIgniter\Session\Handlers\FileHandler' driver.
INFO - 2024-11-17 09:29:44 --> Session: Class initialized using 'CodeIgniter\Session\Handlers\FileHandler' driver.
INFO - 2024-11-17 09:30:19 --> Session: Class initialized using 'CodeIgniter\Session\Handlers\FileHandler' driver.
INFO - 2024-11-17 09:30:30 --> Session: Class initialized using 'CodeIgniter\Session\Handlers\FileHandler' driver.
INFO - 2024-11-17 09:30:57 --> Session: Class initialized using 'CodeIgniter\Session\Handlers\FileHandler' driver.
INFO - 2024-11-17 09:33:01 --> Session: Class initialized using 'CodeIgniter\Session\Handlers\FileHandler' driver.
INFO - 2024-11-17 09:35:38 --> Session: Class initialized using 'CodeIgniter\Session\Handlers\FileHandler' driver.
INFO - 2024-11-17 09:37:35 --> Session: Class initialized using 'CodeIgniter\Session\Handlers\FileHandler' driver.
INFO - 2024-11-17 09:37:50 --> Session: Class initialized using 'CodeIgniter\Session\Handlers\FileHandler' driver.
INFO - 2024-11-17 09:43:20 --> Session: Class initialized using 'CodeIgniter\Session\Handlers\FileHandler' driver.
INFO - 2024-11-17 09:43:40 --> Session: Class initialized using 'CodeIgniter\Session\Handlers\FileHandler' driver.
INFO - 2024-11-17 09:45:05 --> Session: Class initialized using 'CodeIgniter\Session\Handlers\FileHandler' driver.
INFO - 2024-11-17 09:45:45 --> Session: Class initialized using 'CodeIgniter\Session\Handlers\FileHandler' driver.
INFO - 2024-11-17 09:46:24 --> Session: Class initialized using 'CodeIgniter\Session\Handlers\FileHandler' driver.
INFO - 2024-11-17 09:48:33 --> Session: Class initialized using 'CodeIgniter\Session\Handlers\FileHandler' driver.
INFO - 2024-11-17 09:49:04 --> Session: Class initialized using 'CodeIgniter\Session\Handlers\FileHandler' driver.
INFO - 2024-11-17 09:49:27 --> Session: Class initialized using 'CodeIgniter\Session\Handlers\FileHandler' driver.
INFO - 2024-11-17 09:49:40 --> Session: Class initialized using 'CodeIgniter\Session\Handlers\FileHandler' driver.
INFO - 2024-11-17 09:49:52 --> Session: Class initialized using 'CodeIgniter\Session\Handlers\FileHandler' driver.
INFO - 2024-11-17 09:50:08 --> Session: Class initialized using 'CodeIgniter\Session\Handlers\FileHandler' driver.
INFO - 2024-11-17 09:50:29 --> Session: Class initialized using 'CodeIgniter\Session\Handlers\FileHandler' driver.
INFO - 2024-11-17 09:50:49 --> Session: Class initialized using 'CodeIgniter\Session\Handlers\FileHandler' driver.
INFO - 2024-11-17 09:50:57 --> Session: Class initialized using 'CodeIgniter\Session\Handlers\FileHandler' driver.
INFO - 2024-11-17 09:51:03 --> Session: Class initialized using 'CodeIgniter\Session\Handlers\FileHandler' driver.
INFO - 2024-11-17 09:51:08 --> Session: Class initialized using 'CodeIgniter\Session\Handlers\FileHandler' driver.
INFO - 2024-11-17 09:51:31 --> Session: Class initialized using 'CodeIgniter\Session\Handlers\FileHandler' driver.
INFO - 2024-11-17 09:52:08 --> Session: Class initialized using 'CodeIgniter\Session\Handlers\FileHandler' driver.
INFO - 2024-11-17 09:55:35 --> Session: Class initialized using 'CodeIgniter\Session\Handlers\FileHandler' driver.
INFO - 2024-11-17 09:55:56 --> Session: Class initialized using 'CodeIgniter\Session\Handlers\FileHandler' driver.
INFO - 2024-11-17 09:57:29 --> Session: Class initialized using 'CodeIgniter\Session\Handlers\FileHandler' driver.
INFO - 2024-11-17 09:58:27 --> Session: Class initialized using 'CodeIgniter\Session\Handlers\FileHandler' driver.
INFO - 2024-11-17 10:04:42 --> Session: Class initialized using 'CodeIgniter\Session\Handlers\FileHandler' driver.
INFO - 2024-11-17 10:06:00 --> Session: Class initialized using 'CodeIgniter\Session\Handlers\FileHandler' driver.
INFO - 2024-11-17 10:06:23 --> Session: Class initialized using 'CodeIgniter\Session\Handlers\FileHandler' driver.
INFO - 2024-11-17 10:07:22 --> Session: Class initialized using 'CodeIgniter\Session\Handlers\FileHandler' driver.
INFO - 2024-11-17 10:07:44 --> Session: Class initialized using 'CodeIgniter\Session\Handlers\FileHandler' driver.
INFO - 2024-11-17 10:08:03 --> Session: Class initialized using 'CodeIgniter\Session\Handlers\FileHandler' driver.
INFO - 2024-11-17 10:08:27 --> Session: Class initialized using 'CodeIgniter\Session\Handlers\FileHandler' driver.
INFO - 2024-11-17 10:08:52 --> Session: Class initialized using 'CodeIgniter\Session\Handlers\FileHandler' driver.
INFO - 2024-11-17 10:09:15 --> Session: Class initialized using 'CodeIgniter\Session\Handlers\FileHandler' driver.
INFO - 2024-11-17 10:09:29 --> Session: Class initialized using 'CodeIgniter\Session\Handlers\FileHandler' driver.
INFO - 2024-11-17 10:09:35 --> Session: Class initialized using 'CodeIgniter\Session\Handlers\FileHandler' driver.
INFO - 2024-11-17 10:09:40 --> Session: Class initialized using 'CodeIgniter\Session\Handlers\FileHandler' driver.
INFO - 2024-11-17 10:09:45 --> Session: Class initialized using 'CodeIgniter\Session\Handlers\FileHandler' driver.
INFO - 2024-11-17 10:09:59 --> Session: Class initialized using 'CodeIgniter\Session\Handlers\FileHandler' driver.
ERROR - 2024-11-17 13:41:07 --> Error connecting to the database: mysqli_sql_exception: No connection could be made because the target machine actively refused it in C:\laragon\www\CI4\praktikum\ci4app\system\Database\MySQLi\Connection.php:186
Stack trace:
#0 C:\laragon\www\CI4\praktikum\ci4app\system\Database\MySQLi\Connection.php(186): mysqli->real_connect('localhost', 'root', Object(SensitiveParameterValue), 'cobaci4', 3306, '', 0)
#1 C:\laragon\www\CI4\praktikum\ci4app\system\Database\BaseConnection.php(421): CodeIgniter\Database\MySQLi\Connection->connect(false)
#2 C:\laragon\www\CI4\praktikum\ci4app\system\Database\BaseConnection.php(616): CodeIgniter\Database\BaseConnection->initialize()
#3 C:\laragon\www\CI4\praktikum\ci4app\system\Database\BaseBuilder.php(1644): CodeIgniter\Database\BaseConnection->query('SELECT `mahasis...', Array, false)
#4 C:\laragon\www\CI4\praktikum\ci4app\system\Model.php(286): CodeIgniter\Database\BaseBuilder->get()
#5 C:\laragon\www\CI4\praktikum\ci4app\system\BaseModel.php(676): CodeIgniter\Model->doFindAll(0, 0)
#6 C:\laragon\www\CI4\praktikum\ci4app\app\Models\Mahasiswa.php(59): CodeIgniter\BaseModel->findAll()
#7 C:\laragon\www\CI4\praktikum\ci4app\app\Controllers\MahasiswaController.php(18): App\Models\Mahasiswa->getAllMahasiswa()
#8 C:\laragon\www\CI4\praktikum\ci4app\system\CodeIgniter.php(933): App\Controllers\MahasiswaController->index()
#9 C:\laragon\www\CI4\praktikum\ci4app\system\CodeIgniter.php(509): CodeIgniter\CodeIgniter->runController(Object(App\Controllers\MahasiswaController))
#10 C:\laragon\www\CI4\praktikum\ci4app\system\CodeIgniter.php(355): CodeIgniter\CodeIgniter->handleRequest(NULL, Object(Config\Cache), false)
#11 C:\laragon\www\CI4\praktikum\ci4app\system\Boot.php(325): CodeIgniter\CodeIgniter->run()
#12 C:\laragon\www\CI4\praktikum\ci4app\system\Boot.php(67): CodeIgniter\Boot::runCodeIgniter(Object(CodeIgniter\CodeIgniter))
#13 C:\laragon\www\CI4\praktikum\ci4app\public\index.php(56): CodeIgniter\Boot::bootWeb(Object(Config\Paths))
#14 C:\laragon\www\CI4\praktikum\ci4app\system\rewrite.php(44): require_once('C:\\laragon\\www\\...')
#15 {main}

Next CodeIgniter\Database\Exceptions\DatabaseException: No connection could be made because the target machine actively refused it in C:\laragon\www\CI4\praktikum\ci4app\system\Database\MySQLi\Connection.php:231
Stack trace:
#0 C:\laragon\www\CI4\praktikum\ci4app\system\Database\BaseConnection.php(421): CodeIgniter\Database\MySQLi\Connection->connect(false)
#1 C:\laragon\www\CI4\praktikum\ci4app\system\Database\BaseConnection.php(616): CodeIgniter\Database\BaseConnection->initialize()
#2 C:\laragon\www\CI4\praktikum\ci4app\system\Database\BaseBuilder.php(1644): CodeIgniter\Database\BaseConnection->query('SELECT `mahasis...', Array, false)
#3 C:\laragon\www\CI4\praktikum\ci4app\system\Model.php(286): CodeIgniter\Database\BaseBuilder->get()
#4 C:\laragon\www\CI4\praktikum\ci4app\system\BaseModel.php(676): CodeIgniter\Model->doFindAll(0, 0)
#5 C:\laragon\www\CI4\praktikum\ci4app\app\Models\Mahasiswa.php(59): CodeIgniter\BaseModel->findAll()
#6 C:\laragon\www\CI4\praktikum\ci4app\app\Controllers\MahasiswaController.php(18): App\Models\Mahasiswa->getAllMahasiswa()
#7 C:\laragon\www\CI4\praktikum\ci4app\system\CodeIgniter.php(933): App\Controllers\MahasiswaController->index()
#8 C:\laragon\www\CI4\praktikum\ci4app\system\CodeIgniter.php(509): CodeIgniter\CodeIgniter->runController(Object(App\Controllers\MahasiswaController))
#9 C:\laragon\www\CI4\praktikum\ci4app\system\CodeIgniter.php(355): CodeIgniter\CodeIgniter->handleRequest(NULL, Object(Config\Cache), false)
#10 C:\laragon\www\CI4\praktikum\ci4app\system\Boot.php(325): CodeIgniter\CodeIgniter->run()
#11 C:\laragon\www\CI4\praktikum\ci4app\system\Boot.php(67): CodeIgniter\Boot::runCodeIgniter(Object(CodeIgniter\CodeIgniter))
#12 C:\laragon\www\CI4\praktikum\ci4app\public\index.php(56): CodeIgniter\Boot::bootWeb(Object(Config\Paths))
#13 C:\laragon\www\CI4\praktikum\ci4app\system\rewrite.php(44): require_once('C:\\laragon\\www\\...')
#14 {main}
CRITICAL - 2024-11-17 13:41:07 --> CodeIgniter\Database\Exceptions\DatabaseException: Unable to connect to the database.
Main connection [MySQLi]: No connection could be made because the target machine actively refused it
[Method: GET, Route: mahasiswa]
in SYSTEMPATH\Database\BaseConnection.php on line 467.
 1 SYSTEMPATH\Database\BaseConnection.php(616): CodeIgniter\Database\BaseConnection->initialize()
 2 SYSTEMPATH\Database\BaseBuilder.php(1644): CodeIgniter\Database\BaseConnection->query('SELECT `mahasiswa`.*, `jurusan`.`nama_jurusan`
FROM `mahasiswa`
JOIN `jurusan` ON `jurusan`.`id` = `mahasiswa`.`jurusan_id`', [], false)
 3 SYSTEMPATH\Model.php(286): CodeIgniter\Database\BaseBuilder->get()
 4 SYSTEMPATH\BaseModel.php(676): CodeIgniter\Model->doFindAll(0, 0)
 5 APPPATH\Models\Mahasiswa.php(59): CodeIgniter\BaseModel->findAll()
 6 APPPATH\Controllers\MahasiswaController.php(18): App\Models\Mahasiswa->getAllMahasiswa()
 7 SYSTEMPATH\CodeIgniter.php(933): App\Controllers\MahasiswaController->index()
 8 SYSTEMPATH\CodeIgniter.php(509): CodeIgniter\CodeIgniter->runController(Object(App\Controllers\MahasiswaController))
 9 SYSTEMPATH\CodeIgniter.php(355): CodeIgniter\CodeIgniter->handleRequest(null, Object(Config\Cache), false)
10 SYSTEMPATH\Boot.php(325): CodeIgniter\CodeIgniter->run()
11 SYSTEMPATH\Boot.php(67): CodeIgniter\Boot::runCodeIgniter(Object(CodeIgniter\CodeIgniter))
12 FCPATH\index.php(56): CodeIgniter\Boot::bootWeb(Object(Config\Paths))
13 SYSTEMPATH\rewrite.php(44): require_once('C:\\laragon\\www\\CI4\\praktikum\\ci4app\\public\\index.php')
INFO - 2024-11-17 13:41:30 --> Session: Class initialized using 'CodeIgniter\Session\Handlers\FileHandler' driver.
INFO - 2024-11-17 13:41:44 --> Session: Class initialized using 'CodeIgniter\Session\Handlers\FileHandler' driver.
INFO - 2024-11-17 13:41:51 --> Session: Class initialized using 'CodeIgniter\Session\Handlers\FileHandler' driver.
INFO - 2024-11-17 13:49:38 --> Session: Class initialized using 'CodeIgniter\Session\Handlers\FileHandler' driver.
INFO - 2024-11-17 13:54:49 --> Session: Class initialized using 'CodeIgniter\Session\Handlers\FileHandler' driver.
INFO - 2024-11-17 13:55:11 --> Session: Class initialized using 'CodeIgniter\Session\Handlers\FileHandler' driver.
INFO - 2024-11-17 13:55:40 --> Session: Class initialized using 'CodeIgniter\Session\Handlers\FileHandler' driver.
INFO - 2024-11-17 13:57:12 --> Session: Class initialized using 'CodeIgniter\Session\Handlers\FileHandler' driver.
INFO - 2024-11-17 14:00:15 --> Session: Class initialized using 'CodeIgniter\Session\Handlers\FileHandler' driver.
INFO - 2024-11-17 14:00:19 --> Session: Class initialized using 'CodeIgniter\Session\Handlers\FileHandler' driver.
INFO - 2024-11-17 14:01:00 --> Session: Class initialized using 'CodeIgniter\Session\Handlers\FileHandler' driver.
INFO - 2024-11-17 14:01:03 --> Session: Class initialized using 'CodeIgniter\Session\Handlers\FileHandler' driver.
INFO - 2024-11-17 14:01:26 --> Session: Class initialized using 'CodeIgniter\Session\Handlers\FileHandler' driver.
INFO - 2024-11-17 14:01:30 --> Session: Class initialized using 'CodeIgniter\Session\Handlers\FileHandler' driver.
INFO - 2024-11-17 14:01:39 --> Session: Class initialized using 'CodeIgniter\Session\Handlers\FileHandler' driver.
INFO - 2024-11-17 14:01:44 --> Session: Class initialized using 'CodeIgniter\Session\Handlers\FileHandler' driver.
INFO - 2024-11-17 14:02:07 --> Session: Class initialized using 'CodeIgniter\Session\Handlers\FileHandler' driver.
INFO - 2024-11-17 14:02:11 --> Session: Class initialized using 'CodeIgniter\Session\Handlers\FileHandler' driver.
INFO - 2024-11-17 14:02:15 --> Session: Class initialized using 'CodeIgniter\Session\Handlers\FileHandler' driver.
INFO - 2024-11-17 14:02:37 --> Session: Class initialized using 'CodeIgniter\Session\Handlers\FileHandler' driver.
INFO - 2024-11-17 14:02:40 --> Session: Class initialized using 'CodeIgniter\Session\Handlers\FileHandler' driver.
INFO - 2024-11-17 14:02:48 --> Session: Class initialized using 'CodeIgniter\Session\Handlers\FileHandler' driver.
INFO - 2024-11-17 14:02:55 --> Session: Class initialized using 'CodeIgniter\Session\Handlers\FileHandler' driver.
INFO - 2024-11-17 14:03:12 --> Session: Class initialized using 'CodeIgniter\Session\Handlers\FileHandler' driver.
INFO - 2024-11-17 14:06:12 --> Session: Class initialized using 'CodeIgniter\Session\Handlers\FileHandler' driver.
INFO - 2024-11-17 14:06:28 --> Session: Class initialized using 'CodeIgniter\Session\Handlers\FileHandler' driver.
INFO - 2024-11-17 14:06:46 --> Session: Class initialized using 'CodeIgniter\Session\Handlers\FileHandler' driver.
INFO - 2024-11-17 14:10:07 --> Session: Class initialized using 'CodeIgniter\Session\Handlers\FileHandler' driver.
INFO - 2024-11-17 14:10:55 --> Session: Class initialized using 'CodeIgniter\Session\Handlers\FileHandler' driver.
INFO - 2024-11-17 14:11:51 --> Session: Class initialized using 'CodeIgniter\Session\Handlers\FileHandler' driver.
INFO - 2024-11-17 14:49:58 --> Session: Class initialized using 'CodeIgniter\Session\Handlers\FileHandler' driver.
INFO - 2024-11-17 14:50:37 --> Session: Class initialized using 'CodeIgniter\Session\Handlers\FileHandler' driver.
INFO - 2024-11-17 15:29:40 --> Session: Class initialized using 'CodeIgniter\Session\Handlers\FileHandler' driver.
CRITICAL - 2024-11-17 15:29:53 --> TypeError: CodeIgniter\Validation\StrictRules\Rules::is_unique(): Argument #2 ($field) must be of type string, null given, called in C:\laragon\www\CI4\praktikum\ci4app\system\Validation\Validation.php on line 338
[Method: POST, Route: jurusan/tambah]
in SYSTEMPATH\Validation\StrictRules\Rules.php on line 204.
 1 SYSTEMPATH\Validation\Validation.php(338): CodeIgniter\Validation\StrictRules\Rules->is_unique('managemen', null)
 2 SYSTEMPATH\Validation\Validation.php(204): CodeIgniter\Validation\Validation->processRules('nama_jurusan', 'nama_jurusan', 'managemen', [...], [...], 'nama_jurusan')
 3 SYSTEMPATH\Controller.php(137): CodeIgniter\Validation\Validation->run()
 4 APPPATH\Controllers\JurusanController.php(34): CodeIgniter\Controller->validate([...], [...])
 5 SYSTEMPATH\CodeIgniter.php(933): App\Controllers\JurusanController->store()
 6 SYSTEMPATH\CodeIgniter.php(509): CodeIgniter\CodeIgniter->runController(Object(App\Controllers\JurusanController))
 7 SYSTEMPATH\CodeIgniter.php(355): CodeIgniter\CodeIgniter->handleRequest(null, Object(Config\Cache), false)
 8 SYSTEMPATH\Boot.php(325): CodeIgniter\CodeIgniter->run()
 9 SYSTEMPATH\Boot.php(67): CodeIgniter\Boot::runCodeIgniter(Object(CodeIgniter\CodeIgniter))
10 FCPATH\index.php(56): CodeIgniter\Boot::bootWeb(Object(Config\Paths))
11 SYSTEMPATH\rewrite.php(44): require_once('C:\\laragon\\www\\CI4\\praktikum\\ci4app\\public\\index.php')
INFO - 2024-11-17 15:32:18 --> Session: Class initialized using 'CodeIgniter\Session\Handlers\FileHandler' driver.
INFO - 2024-11-17 15:32:21 --> Session: Class initialized using 'CodeIgniter\Session\Handlers\FileHandler' driver.
INFO - 2024-11-17 15:32:33 --> Session: Class initialized using 'CodeIgniter\Session\Handlers\FileHandler' driver.
INFO - 2024-11-17 15:32:46 --> Session: Class initialized using 'CodeIgniter\Session\Handlers\FileHandler' driver.
INFO - 2024-11-17 15:44:03 --> Session: Class initialized using 'CodeIgniter\Session\Handlers\FileHandler' driver.
INFO - 2024-11-17 16:00:25 --> Session: Class initialized using 'CodeIgniter\Session\Handlers\FileHandler' driver.
INFO - 2024-11-17 16:00:27 --> Session: Class initialized using 'CodeIgniter\Session\Handlers\FileHandler' driver.
CRITICAL - 2024-11-17 16:00:33 --> CodeIgniter\Database\Exceptions\DataException: Allowed fields must be specified for model: "App\Models\Jurusan"
[Method: POST, Route: jurusan/tambah]
in SYSTEMPATH\Model.php on line 824.
 1 SYSTEMPATH\Model.php(824): CodeIgniter\Database\Exceptions\DataException::forInvalidAllowedFields('App\\Models\\Jurusan')
 2 SYSTEMPATH\BaseModel.php(821): CodeIgniter\Model->doProtectFieldsForInsert([...])
 3 SYSTEMPATH\Model.php(802): CodeIgniter\BaseModel->insert([...], false)
 4 SYSTEMPATH\BaseModel.php(751): CodeIgniter\Model->insert([...], false)
 5 APPPATH\Controllers\JurusanController.php(44): CodeIgniter\BaseModel->save([...])
 6 SYSTEMPATH\CodeIgniter.php(933): App\Controllers\JurusanController->store()
 7 SYSTEMPATH\CodeIgniter.php(509): CodeIgniter\CodeIgniter->runController(Object(App\Controllers\JurusanController))
 8 SYSTEMPATH\CodeIgniter.php(355): CodeIgniter\CodeIgniter->handleRequest(null, Object(Config\Cache), false)
 9 SYSTEMPATH\Boot.php(325): CodeIgniter\CodeIgniter->run()
10 SYSTEMPATH\Boot.php(67): CodeIgniter\Boot::runCodeIgniter(Object(CodeIgniter\CodeIgniter))
11 FCPATH\index.php(56): CodeIgniter\Boot::bootWeb(Object(Config\Paths))
12 SYSTEMPATH\rewrite.php(44): require_once('C:\\laragon\\www\\CI4\\praktikum\\ci4app\\public\\index.php')
INFO - 2024-11-17 16:02:28 --> Session: Class initialized using 'CodeIgniter\Session\Handlers\FileHandler' driver.
INFO - 2024-11-17 16:02:30 --> Session: Class initialized using 'CodeIgniter\Session\Handlers\FileHandler' driver.
INFO - 2024-11-17 16:02:36 --> Session: Class initialized using 'CodeIgniter\Session\Handlers\FileHandler' driver.
INFO - 2024-11-17 16:02:36 --> Session: Class initialized using 'CodeIgniter\Session\Handlers\FileHandler' driver.
INFO - 2024-11-17 16:06:29 --> Session: Class initialized using 'CodeIgniter\Session\Handlers\FileHandler' driver.
INFO - 2024-11-17 16:15:29 --> Session: Class initialized using 'CodeIgniter\Session\Handlers\FileHandler' driver.
INFO - 2024-11-17 16:15:37 --> Session: Class initialized using 'CodeIgniter\Session\Handlers\FileHandler' driver.
INFO - 2024-11-17 16:15:37 --> Session: Class initialized using 'CodeIgniter\Session\Handlers\FileHandler' driver.
INFO - 2024-11-17 16:31:42 --> Session: Class initialized using 'CodeIgniter\Session\Handlers\FileHandler' driver.
INFO - 2024-11-17 16:32:06 --> Session: Class initialized using 'CodeIgniter\Session\Handlers\FileHandler' driver.
INFO - 2024-11-17 16:32:47 --> Session: Class initialized using 'CodeIgniter\Session\Handlers\FileHandler' driver.
INFO - 2024-11-17 16:32:54 --> Session: Class initialized using 'CodeIgniter\Session\Handlers\FileHandler' driver.
INFO - 2024-11-17 16:34:09 --> Session: Class initialized using 'CodeIgniter\Session\Handlers\FileHandler' driver.
INFO - 2024-11-17 16:42:20 --> Session: Class initialized using 'CodeIgniter\Session\Handlers\FileHandler' driver.
INFO - 2024-11-17 16:43:09 --> Session: Class initialized using 'CodeIgniter\Session\Handlers\FileHandler' driver.
INFO - 2024-11-17 16:43:43 --> Session: Class initialized using 'CodeIgniter\Session\Handlers\FileHandler' driver.
INFO - 2024-11-17 16:46:29 --> Session: Class initialized using 'CodeIgniter\Session\Handlers\FileHandler' driver.
INFO - 2024-11-17 16:47:40 --> Session: Class initialized using 'CodeIgniter\Session\Handlers\FileHandler' driver.
INFO - 2024-11-17 16:49:18 --> Session: Class initialized using 'CodeIgniter\Session\Handlers\FileHandler' driver.
INFO - 2024-11-17 16:53:51 --> Session: Class initialized using 'CodeIgniter\Session\Handlers\FileHandler' driver.
CRITICAL - 2024-11-17 17:04:52 --> ErrorException: Undefined array key "mahasiswa_count"
[Method: GET, Route: jurusan]
in APPPATH\Views\admin\jurusan\jurusan_view.php on line 66.
 1 APPPATH\Views\admin\jurusan\jurusan_view.php(66): CodeIgniter\Debug\Exceptions->errorHandler(2, 'Undefined array key "mahasiswa_count"', 'C:\\laragon\\www\\CI4\\praktikum\\ci4app\\app\\Views\\admin\\jurusan\\jurusan_view.php', 66)
 2 SYSTEMPATH\View\View.php(234): include('C:\\laragon\\www\\CI4\\praktikum\\ci4app\\app\\Views\\admin\\jurusan\\jurusan_view.php')
 3 SYSTEMPATH\View\View.php(237): CodeIgniter\View\View->CodeIgniter\View\{closure}()
 4 SYSTEMPATH\Common.php(1171): CodeIgniter\View\View->render('admin/jurusan/jurusan_view', [], true)
 5 APPPATH\Controllers\JurusanController.php(20): view('admin/jurusan/jurusan_view', [...])
 6 SYSTEMPATH\CodeIgniter.php(933): App\Controllers\JurusanController->index()
 7 SYSTEMPATH\CodeIgniter.php(509): CodeIgniter\CodeIgniter->runController(Object(App\Controllers\JurusanController))
 8 SYSTEMPATH\CodeIgniter.php(355): CodeIgniter\CodeIgniter->handleRequest(null, Object(Config\Cache), false)
 9 SYSTEMPATH\Boot.php(325): CodeIgniter\CodeIgniter->run()
10 SYSTEMPATH\Boot.php(67): CodeIgniter\Boot::runCodeIgniter(Object(CodeIgniter\CodeIgniter))
11 FCPATH\index.php(56): CodeIgniter\Boot::bootWeb(Object(Config\Paths))
12 SYSTEMPATH\rewrite.php(44): require_once('C:\\laragon\\www\\CI4\\praktikum\\ci4app\\public\\index.php')
CRITICAL - 2024-11-17 17:04:53 --> ErrorException: Undefined array key "mahasiswa_count"
[Method: GET, Route: jurusan]
in APPPATH\Views\admin\jurusan\jurusan_view.php on line 66.
 1 APPPATH\Views\admin\jurusan\jurusan_view.php(66): CodeIgniter\Debug\Exceptions->errorHandler(2, 'Undefined array key "mahasiswa_count"', 'C:\\laragon\\www\\CI4\\praktikum\\ci4app\\app\\Views\\admin\\jurusan\\jurusan_view.php', 66)
 2 SYSTEMPATH\View\View.php(234): include('C:\\laragon\\www\\CI4\\praktikum\\ci4app\\app\\Views\\admin\\jurusan\\jurusan_view.php')
 3 SYSTEMPATH\View\View.php(237): CodeIgniter\View\View->CodeIgniter\View\{closure}()
 4 SYSTEMPATH\Common.php(1171): CodeIgniter\View\View->render('admin/jurusan/jurusan_view', [], true)
 5 APPPATH\Controllers\JurusanController.php(20): view('admin/jurusan/jurusan_view', [...])
 6 SYSTEMPATH\CodeIgniter.php(933): App\Controllers\JurusanController->index()
 7 SYSTEMPATH\CodeIgniter.php(509): CodeIgniter\CodeIgniter->runController(Object(App\Controllers\JurusanController))
 8 SYSTEMPATH\CodeIgniter.php(355): CodeIgniter\CodeIgniter->handleRequest(null, Object(Config\Cache), false)
 9 SYSTEMPATH\Boot.php(325): CodeIgniter\CodeIgniter->run()
10 SYSTEMPATH\Boot.php(67): CodeIgniter\Boot::runCodeIgniter(Object(CodeIgniter\CodeIgniter))
11 FCPATH\index.php(56): CodeIgniter\Boot::bootWeb(Object(Config\Paths))
12 SYSTEMPATH\rewrite.php(44): require_once('C:\\laragon\\www\\CI4\\praktikum\\ci4app\\public\\index.php')
CRITICAL - 2024-11-17 17:04:55 --> ErrorException: Undefined array key "mahasiswa_count"
[Method: GET, Route: jurusan]
in APPPATH\Views\admin\jurusan\jurusan_view.php on line 66.
 1 APPPATH\Views\admin\jurusan\jurusan_view.php(66): CodeIgniter\Debug\Exceptions->errorHandler(2, 'Undefined array key "mahasiswa_count"', 'C:\\laragon\\www\\CI4\\praktikum\\ci4app\\app\\Views\\admin\\jurusan\\jurusan_view.php', 66)
 2 SYSTEMPATH\View\View.php(234): include('C:\\laragon\\www\\CI4\\praktikum\\ci4app\\app\\Views\\admin\\jurusan\\jurusan_view.php')
 3 SYSTEMPATH\View\View.php(237): CodeIgniter\View\View->CodeIgniter\View\{closure}()
 4 SYSTEMPATH\Common.php(1171): CodeIgniter\View\View->render('admin/jurusan/jurusan_view', [], true)
 5 APPPATH\Controllers\JurusanController.php(20): view('admin/jurusan/jurusan_view', [...])
 6 SYSTEMPATH\CodeIgniter.php(933): App\Controllers\JurusanController->index()
 7 SYSTEMPATH\CodeIgniter.php(509): CodeIgniter\CodeIgniter->runController(Object(App\Controllers\JurusanController))
 8 SYSTEMPATH\CodeIgniter.php(355): CodeIgniter\CodeIgniter->handleRequest(null, Object(Config\Cache), false)
 9 SYSTEMPATH\Boot.php(325): CodeIgniter\CodeIgniter->run()
10 SYSTEMPATH\Boot.php(67): CodeIgniter\Boot::runCodeIgniter(Object(CodeIgniter\CodeIgniter))
11 FCPATH\index.php(56): CodeIgniter\Boot::bootWeb(Object(Config\Paths))
12 SYSTEMPATH\rewrite.php(44): require_once('C:\\laragon\\www\\CI4\\praktikum\\ci4app\\public\\index.php')
CRITICAL - 2024-11-17 17:04:57 --> ErrorException: Undefined array key "mahasiswa_count"
[Method: GET, Route: jurusan]
in APPPATH\Views\admin\jurusan\jurusan_view.php on line 66.
 1 APPPATH\Views\admin\jurusan\jurusan_view.php(66): CodeIgniter\Debug\Exceptions->errorHandler(2, 'Undefined array key "mahasiswa_count"', 'C:\\laragon\\www\\CI4\\praktikum\\ci4app\\app\\Views\\admin\\jurusan\\jurusan_view.php', 66)
 2 SYSTEMPATH\View\View.php(234): include('C:\\laragon\\www\\CI4\\praktikum\\ci4app\\app\\Views\\admin\\jurusan\\jurusan_view.php')
 3 SYSTEMPATH\View\View.php(237): CodeIgniter\View\View->CodeIgniter\View\{closure}()
 4 SYSTEMPATH\Common.php(1171): CodeIgniter\View\View->render('admin/jurusan/jurusan_view', [], true)
 5 APPPATH\Controllers\JurusanController.php(20): view('admin/jurusan/jurusan_view', [...])
 6 SYSTEMPATH\CodeIgniter.php(933): App\Controllers\JurusanController->index()
 7 SYSTEMPATH\CodeIgniter.php(509): CodeIgniter\CodeIgniter->runController(Object(App\Controllers\JurusanController))
 8 SYSTEMPATH\CodeIgniter.php(355): CodeIgniter\CodeIgniter->handleRequest(null, Object(Config\Cache), false)
 9 SYSTEMPATH\Boot.php(325): CodeIgniter\CodeIgniter->run()
10 SYSTEMPATH\Boot.php(67): CodeIgniter\Boot::runCodeIgniter(Object(CodeIgniter\CodeIgniter))
11 FCPATH\index.php(56): CodeIgniter\Boot::bootWeb(Object(Config\Paths))
12 SYSTEMPATH\rewrite.php(44): require_once('C:\\laragon\\www\\CI4\\praktikum\\ci4app\\public\\index.php')
INFO - 2024-11-17 17:06:29 --> Session: Class initialized using 'CodeIgniter\Session\Handlers\FileHandler' driver.
INFO - 2024-11-17 17:06:37 --> Session: Class initialized using 'CodeIgniter\Session\Handlers\FileHandler' driver.
INFO - 2024-11-17 17:07:12 --> Session: Class initialized using 'CodeIgniter\Session\Handlers\FileHandler' driver.
INFO - 2024-11-17 17:07:12 --> Session: Class initialized using 'CodeIgniter\Session\Handlers\FileHandler' driver.
INFO - 2024-11-17 17:07:23 --> Session: Class initialized using 'CodeIgniter\Session\Handlers\FileHandler' driver.
INFO - 2024-11-17 17:07:23 --> Session: Class initialized using 'CodeIgniter\Session\Handlers\FileHandler' driver.
INFO - 2024-11-17 17:07:37 --> Session: Class initialized using 'CodeIgniter\Session\Handlers\FileHandler' driver.
INFO - 2024-11-17 17:15:38 --> Session: Class initialized using 'CodeIgniter\Session\Handlers\FileHandler' driver.
INFO - 2024-11-17 17:15:39 --> Session: Class initialized using 'CodeIgniter\Session\Handlers\FileHandler' driver.
INFO - 2024-11-17 17:15:48 --> Session: Class initialized using 'CodeIgniter\Session\Handlers\FileHandler' driver.
INFO - 2024-11-17 17:15:48 --> Session: Class initialized using 'CodeIgniter\Session\Handlers\FileHandler' driver.
INFO - 2024-11-17 17:15:55 --> Session: Class initialized using 'CodeIgniter\Session\Handlers\FileHandler' driver.
INFO - 2024-11-17 17:16:05 --> Session: Class initialized using 'CodeIgniter\Session\Handlers\FileHandler' driver.
INFO - 2024-11-17 17:16:19 --> Session: Class initialized using 'CodeIgniter\Session\Handlers\FileHandler' driver.
INFO - 2024-11-17 17:16:19 --> Session: Class initialized using 'CodeIgniter\Session\Handlers\FileHandler' driver.
INFO - 2024-11-17 17:16:36 --> Session: Class initialized using 'CodeIgniter\Session\Handlers\FileHandler' driver.
INFO - 2024-11-17 17:16:37 --> Session: Class initialized using 'CodeIgniter\Session\Handlers\FileHandler' driver.
INFO - 2024-11-17 17:16:46 --> Session: Class initialized using 'CodeIgniter\Session\Handlers\FileHandler' driver.
INFO - 2024-11-17 17:16:46 --> Session: Class initialized using 'CodeIgniter\Session\Handlers\FileHandler' driver.
INFO - 2024-11-17 17:17:03 --> Session: Class initialized using 'CodeIgniter\Session\Handlers\FileHandler' driver.
INFO - 2024-11-17 17:17:03 --> Session: Class initialized using 'CodeIgniter\Session\Handlers\FileHandler' driver.
INFO - 2024-11-17 17:17:12 --> Session: Class initialized using 'CodeIgniter\Session\Handlers\FileHandler' driver.
INFO - 2024-11-17 17:20:11 --> Session: Class initialized using 'CodeIgniter\Session\Handlers\FileHandler' driver.
CRITICAL - 2024-11-17 17:20:14 --> ErrorException: Undefined variable $title
[Method: GET, Route: /]
in APPPATH\Views\layout\template_admin.php on line 131.
 1 APPPATH\Views\layout\template_admin.php(131): CodeIgniter\Debug\Exceptions->errorHandler(2, 'Undefined variable $title', 'C:\\laragon\\www\\CI4\\praktikum\\ci4app\\app\\Views\\layout\\template_admin.php', 131)
 2 SYSTEMPATH\View\View.php(234): include('C:\\laragon\\www\\CI4\\praktikum\\ci4app\\app\\Views\\layout\\template_admin.php')
 3 SYSTEMPATH\View\View.php(237): CodeIgniter\View\View->CodeIgniter\View\{closure}()
 4 SYSTEMPATH\View\View.php(250): CodeIgniter\View\View->render('layout/template_admin', [], true)
 5 SYSTEMPATH\Common.php(1171): CodeIgniter\View\View->render('admin/dashboard', [], true)
 6 APPPATH\Controllers\Home.php(12): view('admin/dashboard')
 7 SYSTEMPATH\CodeIgniter.php(933): App\Controllers\Home->index()
 8 SYSTEMPATH\CodeIgniter.php(509): CodeIgniter\CodeIgniter->runController(Object(App\Controllers\Home))
 9 SYSTEMPATH\CodeIgniter.php(355): CodeIgniter\CodeIgniter->handleRequest(null, Object(Config\Cache), false)
10 SYSTEMPATH\Boot.php(325): CodeIgniter\CodeIgniter->run()
11 SYSTEMPATH\Boot.php(67): CodeIgniter\Boot::runCodeIgniter(Object(CodeIgniter\CodeIgniter))
12 FCPATH\index.php(56): CodeIgniter\Boot::bootWeb(Object(Config\Paths))
13 SYSTEMPATH\rewrite.php(44): require_once('C:\\laragon\\www\\CI4\\praktikum\\ci4app\\public\\index.php')
INFO - 2024-11-17 17:20:24 --> Session: Class initialized using 'CodeIgniter\Session\Handlers\FileHandler' driver.
INFO - 2024-11-17 17:20:31 --> Session: Class initialized using 'CodeIgniter\Session\Handlers\FileHandler' driver.
INFO - 2024-11-17 17:20:34 --> Session: Class initialized using 'CodeIgniter\Session\Handlers\FileHandler' driver.
INFO - 2024-11-17 17:21:12 --> Session: Class initialized using 'CodeIgniter\Session\Handlers\FileHandler' driver.
INFO - 2024-11-17 17:21:22 --> Session: Class initialized using 'CodeIgniter\Session\Handlers\FileHandler' driver.
