CRITICAL - 2024-11-18 00:15:48 --> ErrorException: Array to string conversion
[Method: GET, Route: jurusan]
in APPPATH\Views\components\toast.php on line 39.
 1 APPPATH\Views\components\toast.php(39): CodeIgniter\Debug\Exceptions->errorHandler(2, 'Array to string conversion', 'C:\\laragon\\www\\CI4\\praktikum\\ci4app\\app\\Views\\components\\toast.php', 39)
 2 SYSTEMPATH\View\View.php(234): include('C:\\laragon\\www\\CI4\\praktikum\\ci4app\\app\\Views\\components\\toast.php')
 3 SYSTEMPATH\View\View.php(237): CodeIgniter\View\View->CodeIgniter\View\{closure}()
 4 SYSTEMPATH\View\View.php(487): CodeIgniter\View\View->render('components/toast', null, true)
 5 APPPATH\Views\layout\template_admin.php(166): CodeIgniter\View\View->include('components/toast')
 6 SYSTEMPATH\View\View.php(234): include('C:\\laragon\\www\\CI4\\praktikum\\ci4app\\app\\Views\\layout\\template_admin.php')
 7 SYSTEMPATH\View\View.php(237): CodeIgniter\View\View->CodeIgniter\View\{closure}()
 8 SYSTEMPATH\View\View.php(250): CodeIgniter\View\View->render('layout/template_admin', [], true)
 9 SYSTEMPATH\Common.php(1171): CodeIgniter\View\View->render('admin/jurusan/jurusan_view', [], true)
10 APPPATH\Controllers\JurusanController.php(20): view('admin/jurusan/jurusan_view', [...])
11 SYSTEMPATH\CodeIgniter.php(933): App\Controllers\JurusanController->index()
12 SYSTEMPATH\CodeIgniter.php(509): CodeIgniter\CodeIgniter->runController(Object(App\Controllers\JurusanController))
13 SYSTEMPATH\CodeIgniter.php(355): CodeIgniter\CodeIgniter->handleRequest(null, Object(Config\Cache), false)
14 SYSTEMPATH\Boot.php(325): CodeIgniter\CodeIgniter->run()
15 SYSTEMPATH\Boot.php(67): CodeIgniter\Boot::runCodeIgniter(Object(CodeIgniter\CodeIgniter))
16 FCPATH\index.php(56): CodeIgniter\Boot::bootWeb(Object(Config\Paths))
17 SYSTEMPATH\rewrite.php(44): require_once('C:\\laragon\\www\\CI4\\praktikum\\ci4app\\public\\index.php')
CRITICAL - 2024-11-18 00:16:19 --> ErrorException: Array to string conversion
[Method: GET, Route: jurusan]
in APPPATH\Views\components\toast.php on line 39.
 1 APPPATH\Views\components\toast.php(39): CodeIgniter\Debug\Exceptions->errorHandler(2, 'Array to string conversion', 'C:\\laragon\\www\\CI4\\praktikum\\ci4app\\app\\Views\\components\\toast.php', 39)
 2 SYSTEMPATH\View\View.php(234): include('C:\\laragon\\www\\CI4\\praktikum\\ci4app\\app\\Views\\components\\toast.php')
 3 SYSTEMPATH\View\View.php(237): CodeIgniter\View\View->CodeIgniter\View\{closure}()
 4 SYSTEMPATH\View\View.php(487): CodeIgniter\View\View->render('components/toast', null, true)
 5 APPPATH\Views\layout\template_admin.php(166): CodeIgniter\View\View->include('components/toast')
 6 SYSTEMPATH\View\View.php(234): include('C:\\laragon\\www\\CI4\\praktikum\\ci4app\\app\\Views\\layout\\template_admin.php')
 7 SYSTEMPATH\View\View.php(237): CodeIgniter\View\View->CodeIgniter\View\{closure}()
 8 SYSTEMPATH\View\View.php(250): CodeIgniter\View\View->render('layout/template_admin', [], true)
 9 SYSTEMPATH\Common.php(1171): CodeIgniter\View\View->render('admin/jurusan/jurusan_view', [], true)
10 APPPATH\Controllers\JurusanController.php(20): view('admin/jurusan/jurusan_view', [...])
11 SYSTEMPATH\CodeIgniter.php(933): App\Controllers\JurusanController->index()
12 SYSTEMPATH\CodeIgniter.php(509): CodeIgniter\CodeIgniter->runController(Object(App\Controllers\JurusanController))
13 SYSTEMPATH\CodeIgniter.php(355): CodeIgniter\CodeIgniter->handleRequest(null, Object(Config\Cache), false)
14 SYSTEMPATH\Boot.php(325): CodeIgniter\CodeIgniter->run()
15 SYSTEMPATH\Boot.php(67): CodeIgniter\Boot::runCodeIgniter(Object(CodeIgniter\CodeIgniter))
16 FCPATH\index.php(56): CodeIgniter\Boot::bootWeb(Object(Config\Paths))
17 SYSTEMPATH\rewrite.php(44): require_once('C:\\laragon\\www\\CI4\\praktikum\\ci4app\\public\\index.php')
